Arguments: 
  C:\Program Files\nodejs\node.exe C:\Users\Joe-Bro\AppData\Roaming\npm\node_modules\yarn\bin\yarn.js add solc@4.0.17

PATH: 
  C:\Program Files (x86)\Common Files\Intel\Shared Libraries\redist\intel64\compiler;C:\Windows\system32;C:\Windows;C:\Windows\System32\Wbem;C:\Windows\System32\WindowsPowerShell\v1.0\;C:\Windows\System32\OpenSSH\;C:\Program Files (x86)\QuickTime\QTSystem\;C:\Program Files\Git\cmd;C:\Users\Joe-Bro\AppData\Roaming\nvm;C:\Program Files\nodejs;C:\Program Files\nodejs\;C:\Users\Joe-Bro\AppData\Local\Microsoft\WindowsApps;C:\Users\Joe-Bro\AppData\Local\Programs\Microsoft VS Codei\bin;C:\Coding\flutter\bin;C:\Program Files\Sublime Text\;C:\Users\Joe-Bro\AppData\Roaming\npm

Yarn version: 
  1.22.15

Node version: 
  14.18.0

Platform: 
  win32 x64

Trace: 
  Error: read ECONNRESET
      at TLSWrap.onStreamRead (internal/stream_base_commons.js:209:20)

npm manifest: 
  {
    "name": "Inbox",
    "version": "1.0.0",
    "main": "index.js",
    "license": "MIT",
    "dependencies": {}
  }

yarn manifest: 
  No manifest

Lockfile: 
  # THIS IS AN AUTOGENERATED FILE. DO NOT EDIT THIS FILE DIRECTLY.
  # yarn lockfile v1
